[19:32:07 - main - INFO] Use physics-informed initialization...
Traceback (most recent call last):
  File "/Users/ananyaebhartari/Documents/Paris/My_pirate/.venv1/lib/python3.11/site-packages/ml_collections/config_dict/config_dict.py", line 903, in __getitem__
    field = self._fields[key]
            ~~~~~~~~~~~~^^^^^
KeyError: 'grad_accum_steps'

During handling of the above exception, another exception occurred:

Traceback (most recent call last):
  File "/Users/ananyaebhartari/Documents/Paris/My_pirate/.venv1/lib/python3.11/site-packages/ml_collections/config_dict/config_dict.py", line 827, in __getattr__
    return self[attribute]
           ~~~~^^^^^^^^^^^
  File "/Users/ananyaebhartari/Documents/Paris/My_pirate/.venv1/lib/python3.11/site-packages/ml_collections/config_dict/config_dict.py", line 909, in __getitem__
    raise KeyError(self._generate_did_you_mean_message(key, str(e)))
KeyError: "'grad_accum_steps'"

During handling of the above exception, another exception occurred:

Traceback (most recent call last):
  File "/Users/ananyaebhartari/Documents/Paris/My_pirate/jaxpi/examples/allen_cahn/main.py", line 42, in <module>
    app.run(main)
  File "/Users/ananyaebhartari/Documents/Paris/My_pirate/.venv1/lib/python3.11/site-packages/absl/app.py", line 308, in run
    _run_main(main, args)
  File "/Users/ananyaebhartari/Documents/Paris/My_pirate/.venv1/lib/python3.11/site-packages/absl/app.py", line 254, in _run_main
    sys.exit(main(argv))
             ^^^^^^^^^^
  File "/Users/ananyaebhartari/Documents/Paris/My_pirate/jaxpi/examples/allen_cahn/main.py", line 35, in main
    train.train_and_evaluate(FLAGS.config, FLAGS.workdir)
  File "/Users/ananyaebhartari/Documents/Paris/My_pirate/jaxpi/examples/allen_cahn/train.py", line 53, in train_and_evaluate
    model = models.AllenCahn(config, u0, t_star, x_star)
            ^^^^^^^^^^^^^^^^^^^^^^^^^^^^^^^^^^^^^^^^^^^^
  File "/Users/ananyaebhartari/Documents/Paris/My_pirate/jaxpi/examples/allen_cahn/models.py", line 17, in __init__
    super().__init__(config)
  File "/Users/ananyaebhartari/Documents/Paris/My_pirate/.venv1/lib/python3.11/site-packages/jaxpi/models.py", line 215, in __init__
    super().__init__(config)
  File "/Users/ananyaebhartari/Documents/Paris/My_pirate/.venv1/lib/python3.11/site-packages/jaxpi/models.py", line 141, in __init__
    self.state = _create_train_state(config)
                 ^^^^^^^^^^^^^^^^^^^^^^^^^^^
  File "/Users/ananyaebhartari/Documents/Paris/My_pirate/.venv1/lib/python3.11/site-packages/jaxpi/models.py", line 119, in _create_train_state
    tx = _create_optimizer(config.optim)
         ^^^^^^^^^^^^^^^^^^^^^^^^^^^^^^^
  File "/Users/ananyaebhartari/Documents/Paris/My_pirate/.venv1/lib/python3.11/site-packages/jaxpi/models.py", line 107, in _create_optimizer
    if config.grad_accum_steps > 1:
       ^^^^^^^^^^^^^^^^^^^^^^^
  File "/Users/ananyaebhartari/Documents/Paris/My_pirate/.venv1/lib/python3.11/site-packages/ml_collections/config_dict/config_dict.py", line 829, in __getattr__
    raise AttributeError(e)
AttributeError: "'grad_accum_steps'"
