[21:53:57 - main - INFO] Waiting for JIT...
[21:54:08 - main - INFO] ---------------------------
[21:54:08 - main - INFO] Iter:   0    Time: 11.341
[21:54:08 - main - INFO] -----------  --------------
[21:54:08 - main - INFO] ics_loss     1.757e+00
[21:54:08 - main - INFO] res_loss     9.885e+01
[21:54:08 - main - INFO] l2_error     1.544e+00
I1012 21:54:11.819000 8441426496 checkpoints.py:570] Saving checkpoint at step: 2
I1012 21:54:11.819279 8441426496 checkpoints.py:658] Using Orbax as backend to save Flax checkpoints. For potential troubleshooting see: https://flax.readthedocs.io/en/latest/guides/training_techniques/use_checkpointing.html#orbax-as-backend-troubleshooting
I1012 21:54:11.819398 8441426496 abstract_checkpointer.py:35] orbax-checkpoint version: 0.6.4
I1012 21:54:11.819578 8441426496 checkpointer.py:189] [process=0] Started saving checkpoint to /Users/ananyaebhartari/Documents/Paris/My_pirate/jaxpi/examples/allen_cahn/default/ckpt/checkpoint_2.
I1012 21:54:11.820012 8441426496 utils.py:240] [process=0][thread=MainThread] Skipping global process sync, barrier name: create_tmp_directory:pre.checkpoint_2.1
I1012 21:54:11.820346 8441426496 atomicity.py:175] Creating tmp directory /Users/ananyaebhartari/Documents/Paris/My_pirate/jaxpi/examples/allen_cahn/default/ckpt/checkpoint_2.orbax-checkpoint-tmp-0
I1012 21:54:11.820981 8441426496 checkpoint.py:134] Wrote CheckpointMetadata=CheckpointMetadata(init_timestamp_nsecs=1728784451820708000, commit_timestamp_nsecs=None), json={"init_timestamp_nsecs": 1728784451820708000, "commit_timestamp_nsecs": null} to /Users/ananyaebhartari/Documents/Paris/My_pirate/jaxpi/examples/allen_cahn/default/ckpt/checkpoint_2.orbax-checkpoint-tmp-0
I1012 21:54:11.821109 8441426496 utils.py:240] [process=0][thread=MainThread] Skipping global process sync, barrier name: create_tmp_directory:post.checkpoint_2.2
I1012 21:54:11.828161 8441426496 base_pytree_checkpoint_handler.py:108] [process=0] /jax/checkpoint/write/blocking_bytes_per_sec: 1.3 GiB/s (total bytes: 9.1 MiB) (time elapsed: 6 milliseconds) (per-host)
I1012 21:54:11.850586 8441426496 future.py:88] ChainedFuture completed 2/2 futures in 0.02 seconds.
I1012 21:54:11.850756 8441426496 base_pytree_checkpoint_handler.py:108] [process=0] /jax/checkpoint/write/bytes_per_sec: 311.6 MiB/s (total bytes: 9.1 MiB) (time elapsed: 29 milliseconds) (per-host)
I1012 21:54:11.851002 8441426496 utils.py:240] [process=0][thread=MainThread] Skipping global process sync, barrier name: Checkpointer:save.checkpoint_2
I1012 21:54:11.855482 8441426496 type_handlers.py:562] [process=0][thread=MainThread] Validating params (raw input=144, unique=72) in TensorStore KvStore: KvStore({
  'base': {
    'driver': 'file',
    'path': '/Users/ananyaebhartari/Documents/Paris/My_pirate/jaxpi/examples/allen_cahn/default/ckpt/checkpoint_2.orbax-checkpoint-tmp-0/',
  },
  'cache_pool': 'cache_pool#ocdbt',
  'config': {
    'compression': {'id': 'zstd'},
    'max_decoded_node_bytes': 100000000,
    'max_inline_value_bytes': 1024,
    'uuid': '021d65741b8539dde5f122667449774a',
    'version_tree_arity_log2': 4,
  },
  'context': {
    'cache_pool#ocdbt': {'total_bytes_limit': 100000000},
    'data_copy_concurrency': {},
    'file_io_concurrency': {'limit': 128},
    'file_io_sync': True,
    'ocdbt_coordinator': {},
  },
  'driver': 'ocdbt',
  'experimental_read_coalescing_interval': '1ms',
  'experimental_read_coalescing_merged_bytes': 500000000000,
  'experimental_read_coalescing_threshold_bytes': 1000000,
}).
I1012 21:54:11.855829 8441426496 atomicity.py:316] Renaming /Users/ananyaebhartari/Documents/Paris/My_pirate/jaxpi/examples/allen_cahn/default/ckpt/checkpoint_2.orbax-checkpoint-tmp-0 to /Users/ananyaebhartari/Documents/Paris/My_pirate/jaxpi/examples/allen_cahn/default/ckpt/checkpoint_2
I1012 21:54:11.856001 8441426496 checkpoint.py:174] Read CheckpointMetadata=CheckpointMetadata(init_timestamp_nsecs=1728784451820708000, commit_timestamp_nsecs=None) from /Users/ananyaebhartari/Documents/Paris/My_pirate/jaxpi/examples/allen_cahn/default/ckpt/checkpoint_2.orbax-checkpoint-tmp-0
I1012 21:54:11.856246 8441426496 checkpoint.py:191] Updated CheckpointMetadata=CheckpointMetadata(init_timestamp_nsecs=1728784451820708000, commit_timestamp_nsecs=1728784451855894000) to /Users/ananyaebhartari/Documents/Paris/My_pirate/jaxpi/examples/allen_cahn/default/ckpt/checkpoint_2.orbax-checkpoint-tmp-0
I1012 21:54:11.856435 8441426496 atomicity.py:518] [process=0][thread=MainThread] Finished saving checkpoint (finalized tmp dir) to `/Users/ananyaebhartari/Documents/Paris/My_pirate/jaxpi/examples/allen_cahn/default/ckpt/checkpoint_2`.
I1012 21:54:11.856478 8441426496 utils.py:240] [process=0][thread=MainThread] Skipping global process sync, barrier name: Checkpointer:finalize.checkpoint_2
[{'Dense_0': Traced<ShapedArray(float64[])>with<DynamicJaxprTrace(level=3/1)>, 'Dense_1': Traced<ShapedArray(float64[])>with<DynamicJaxprTrace(level=3/1)>, 'Dense_2': Traced<ShapedArray(float64[])>with<DynamicJaxprTrace(level=3/1)>, 'Dense_3': Traced<ShapedArray(float64[])>with<DynamicJaxprTrace(level=3/1)>, 'Dense_4': Traced<ShapedArray(float64[])>with<DynamicJaxprTrace(level=3/1)>, 'Dense_5': Traced<ShapedArray(float64[])>with<DynamicJaxprTrace(level=3/1)>, 'Dense_6': Traced<ShapedArray(float64[])>with<DynamicJaxprTrace(level=3/1)>}, {'Dense_0': Array(0.70505933, dtype=float64), 'Dense_1': Array(0.73094367, dtype=float64), 'Dense_2': Array(0.43192569, dtype=float64), 'Dense_3': Array(0.51659553, dtype=float64), 'Dense_4': Array(0.56686969, dtype=float64), 'Dense_5': Array(0.6744749, dtype=float64), 'Dense_6': Array(0.76817136, dtype=float64)}, {'Dense_0': Traced<ShapedArray(float64[])>with<DynamicJaxprTrace(level=3/1)>, 'Dense_1': Traced<ShapedArray(float64[])>with<DynamicJaxprTrace(level=3/1)>, 'Dense_2': Traced<ShapedArray(float64[])>with<DynamicJaxprTrace(level=3/1)>, 'Dense_3': Traced<ShapedArray(float64[])>with<DynamicJaxprTrace(level=3/1)>, 'Dense_4': Traced<ShapedArray(float64[])>with<DynamicJaxprTrace(level=3/1)>, 'Dense_5': Traced<ShapedArray(float64[])>with<DynamicJaxprTrace(level=3/1)>, 'Dense_6': Traced<ShapedArray(float64[])>with<DynamicJaxprTrace(level=3/1)>}]
Traceback (most recent call last):
  File "/Users/ananyaebhartari/Documents/Paris/My_pirate/.venv1/lib/python3.11/site-packages/jax/_src/core.py", line 825, in __getattr__
    attr = getattr(self.aval, name)
           ^^^^^^^^^^^^^^^^^^^^^^^^
AttributeError: 'ShapedArray' object has no attribute 'float'

The above exception was the direct cause of the following exception:

Traceback (most recent call last):
  File "/Users/ananyaebhartari/Documents/Paris/My_pirate/jaxpi/examples/allen_cahn/main.py", line 40, in <module>
    app.run(main)
  File "/Users/ananyaebhartari/Documents/Paris/My_pirate/.venv1/lib/python3.11/site-packages/absl/app.py", line 308, in run
    _run_main(main, args)
  File "/Users/ananyaebhartari/Documents/Paris/My_pirate/.venv1/lib/python3.11/site-packages/absl/app.py", line 254, in _run_main
    sys.exit(main(argv))
             ^^^^^^^^^^
  File "/Users/ananyaebhartari/Documents/Paris/My_pirate/jaxpi/examples/allen_cahn/main.py", line 32, in main
    train.train_and_evaluate(FLAGS.config, FLAGS.workdir)
  File "/Users/ananyaebhartari/Documents/Paris/My_pirate/jaxpi/examples/allen_cahn/train.py", line 136, in train_and_evaluate
    serializable_layer_grad_direction.append({
                                             ^
  File "/Users/ananyaebhartari/Documents/Paris/My_pirate/jaxpi/examples/allen_cahn/train.py", line 137, in <dictcomp>
    layer: jax.device_get(direction).float()
          ^^^^^^^^^^^^^^^^^^^^^^^^^^^^^^^
  File "/Users/ananyaebhartari/Documents/Paris/My_pirate/.venv1/lib/python3.11/site-packages/jax/_src/core.py", line 827, in __getattr__
    raise AttributeError(
AttributeError: DynamicJaxprTracer has no attribute float
