[21:36:06 - main - INFO] Waiting for JIT...
Traceback (most recent call last):
  File "/Users/ananyaebhartari/Documents/Paris/My_pirate/.venv1/lib/python3.11/site-packages/jax/_src/core.py", line 825, in __getattr__
    attr = getattr(self.aval, name)
           ^^^^^^^^^^^^^^^^^^^^^^^^
AttributeError: 'ShapedArray' object has no attribute 'block_until_ready'

The above exception was the direct cause of the following exception:

Traceback (most recent call last):
  File "/Users/ananyaebhartari/Documents/Paris/My_pirate/jaxpi/examples/allen_cahn/main.py", line 40, in <module>
    app.run(main)
  File "/Users/ananyaebhartari/Documents/Paris/My_pirate/.venv1/lib/python3.11/site-packages/absl/app.py", line 308, in run
    _run_main(main, args)
  File "/Users/ananyaebhartari/Documents/Paris/My_pirate/.venv1/lib/python3.11/site-packages/absl/app.py", line 254, in _run_main
    sys.exit(main(argv))
             ^^^^^^^^^^
  File "/Users/ananyaebhartari/Documents/Paris/My_pirate/jaxpi/examples/allen_cahn/main.py", line 32, in main
    train.train_and_evaluate(FLAGS.config, FLAGS.workdir)
  File "/Users/ananyaebhartari/Documents/Paris/My_pirate/jaxpi/examples/allen_cahn/train.py", line 101, in train_and_evaluate
    model.state = model.step(model.state, batch)
                  ^^^^^^^^^^^^^^^^^^^^^^^^^^^^^^
  File "/Users/ananyaebhartari/Documents/Paris/My_pirate/.venv1/lib/python3.11/site-packages/jaxpi/models.py", line 195, in step
    grads = grad(self.loss)(state.params, state.weights, batch, *args)
            ^^^^^^^^^^^^^^^^^^^^^^^^^^^^^^^^^^^^^^^^^^^^^^^^^^^^^^^^^^
  File "/Users/ananyaebhartari/Documents/Paris/My_pirate/.venv1/lib/python3.11/site-packages/jaxpi/models.py", line 146, in loss
    losses = self.losses(params, batch, *args)
             ^^^^^^^^^^^^^^^^^^^^^^^^^^^^^^^^^
  File "/Users/ananyaebhartari/Documents/Paris/My_pirate/jaxpi/examples/allen_cahn/models.py", line 87, in losses
    layer_grad_directions[layer] = grad_direction.block_until_ready()
                                   ^^^^^^^^^^^^^^^^^^^^^^^^^^^^^^^^
AttributeError: DynamicJaxprTracer has no attribute block_until_ready
--------------------
For simplicity, JAX has removed its internal frames from the traceback of the following exception. Set JAX_TRACEBACK_FILTERING=off to include these.
